INFO-FLOW: Workspace /home/pis7/ece6775/lab1/float_iter_5.prj/solution1 opened at Sat Aug 31 00:46:44 EDT 2024
Execute     set_part xc7z020clg484-1 
Execute       ap_part_info -name xc7z020clg484-1 -data single -quiet 
Command       ap_part_info done; 3.15 sec.
Execute       ap_part_info -name xc7z020clg484-1 -data info 
Execute       add_library xilinx/zynq/zynq:xc7z020:-clg484:-1 
Execute         get_default_platform 
Execute         open_platform DefaultPlatform 
Execute         import_lib /opt/xilinx/Vivado/2019.2/common/technology/xilinx/zynq/zynq 
Execute           source /opt/xilinx/Vivado/2019.2/common/technology/xilinx/common/xilinx.lib 
Execute             source /opt/xilinx/Vivado/2019.2/common/technology/xilinx/interface/xilinx_interface.lib 
Execute               source /opt/xilinx/Vivado/2019.2/common/technology/xilinx/interface/plb46.lib 
Execute               source /opt/xilinx/Vivado/2019.2/common/technology/xilinx/interface/fsl.lib 
Execute               source /opt/xilinx/Vivado/2019.2/common/technology/xilinx/interface/axi4.lib 
Execute               source /opt/xilinx/Vivado/2019.2/common/technology/xilinx/interface/maxi.lib 
Execute               source /opt/xilinx/Vivado/2019.2/common/technology/xilinx/interface/saxilite.lib 
Execute             source /opt/xilinx/Vivado/2019.2/common/technology/xilinx/common/dsp48.lib 
Execute             source /opt/xilinx/Vivado/2019.2/common/technology/xilinx/ip/xfft.lib 
Execute             source /opt/xilinx/Vivado/2019.2/common/technology/xilinx/ip/xfir.lib 
Execute             source /opt/xilinx/Vivado/2019.2/common/technology/xilinx/ip/dds_compiler.lib 
Execute           source /opt/xilinx/Vivado/2019.2/common/technology/xilinx/common/xilinx.hlp 
Execute             source /opt/xilinx/Vivado/2019.2/common/technology/xilinx/common/target_info.tcl 
Execute             source /opt/xilinx/Vivado/2019.2/common/technology/xilinx/interface/xilinx_interface.hlp 
Execute               source /opt/xilinx/Vivado/2019.2/common/technology/xilinx/interface/maxi.hlp 
Execute               source /opt/xilinx/Vivado/2019.2/common/technology/xilinx/interface/saxilite.hlp 
Execute             source /opt/xilinx/Vivado/2019.2/common/technology/xilinx/common/dsp48.hlp 
Execute           source /opt/xilinx/Vivado/2019.2/common/technology/xilinx/zynq/dsp48e1.hlp 
Execute           source /opt/xilinx/Vivado/2019.2/common/technology/xilinx/common/xilinx.hlp 
Execute             source /opt/xilinx/Vivado/2019.2/common/technology/xilinx/common/target_info.tcl 
Execute             source /opt/xilinx/Vivado/2019.2/common/technology/xilinx/interface/xilinx_interface.hlp 
Execute               source /opt/xilinx/Vivado/2019.2/common/technology/xilinx/interface/maxi.hlp 
Execute               source /opt/xilinx/Vivado/2019.2/common/technology/xilinx/interface/saxilite.hlp 
Execute             source /opt/xilinx/Vivado/2019.2/common/technology/xilinx/common/dsp48.hlp 
Execute         source /opt/xilinx/Vivado/2019.2/common/technology/xilinx/zynq/zynq.gen 
Execute           source /opt/xilinx/Vivado/2019.2/common/technology/xilinx/common/xilinx.gen 
Execute             source /opt/xilinx/Vivado/2019.2/common/technology/xilinx/interface/plb46.gen 
Execute             source /opt/xilinx/Vivado/2019.2/common/technology/xilinx/interface/fsl.gen 
Execute             source /opt/xilinx/Vivado/2019.2/common/technology/xilinx/interface/axi4.gen 
Execute             source /opt/xilinx/Vivado/2019.2/common/technology/xilinx/interface/nativeAXI4.gen 
Execute               source /opt/xilinx/Vivado/2019.2/common/technology/xilinx/interface/saxilite.gen 
Execute               source /opt/xilinx/Vivado/2019.2/common/technology/xilinx/interface/maxi.gen 
Execute             source /opt/xilinx/Vivado/2019.2/common/technology/xilinx/scripts/xilinxcoregen.gen 
Execute             source /opt/xilinx/Vivado/2019.2/common/technology/xilinx/interface/XilEDKCoreGen.gen 
Execute             source /opt/xilinx/Vivado/2019.2/common/technology/xilinx/ip/dds_compiler.gen 
Execute             source /opt/xilinx/Vivado/2019.2/common/technology/xilinx/ip/util.gen 
Execute             source /opt/xilinx/Vivado/2019.2/common/technology/xilinx/ip/xfft.gen 
Execute             source /opt/xilinx/Vivado/2019.2/common/technology/xilinx/ip/xfir.gen 
Execute             source /opt/xilinx/Vivado/2019.2/common/technology/xilinx/common/dsp48.gen 
Command           ap_source done; 0.13 sec.
Command         ap_source done; 0.13 sec.
Execute         ap_part_info -data single -name xc7z020-clg484-1 
Execute         ap_part_info -name xc7z020-clg484-1 -data resources 
Execute         ap_part_info -name xc7z020-clg484-1 -data info 
Execute         ap_part_info -name xc7z020-clg484-1 -data info 
Execute         config_chip_info -quiet -resource {SLICE 13300} {LUT 53200} {FF 106400} {DSP48E 220} {BRAM 280} {URAM 0} 
Execute         ap_part_info -name xc7z020-clg484-1 -data info 
Execute         config_chip_info -quiet -speed slow 
Command       add_library done; 0.25 sec.
Execute       add_library xilinx/zynq/zynq_fpv6 
Execute         get_default_platform 
Execute         open_platform DefaultPlatform 
Execute         import_lib /opt/xilinx/Vivado/2019.2/common/technology/xilinx/zynq/zynq_fpv6 
Execute           source /opt/xilinx/Vivado/2019.2/common/technology/xilinx/common/xilinx_fp.lib 
Execute           source /opt/xilinx/Vivado/2019.2/common/technology/xilinx/common/xilinx_fp.hlp 
Execute             source /opt/xilinx/Vivado/2019.2/common/technology/xilinx/common/xilinx.hlp 
Execute               source /opt/xilinx/Vivado/2019.2/common/technology/xilinx/common/target_info.tcl 
Execute               source /opt/xilinx/Vivado/2019.2/common/technology/xilinx/interface/xilinx_interface.hlp 
Execute                 source /opt/xilinx/Vivado/2019.2/common/technology/xilinx/interface/maxi.hlp 
Execute                 source /opt/xilinx/Vivado/2019.2/common/technology/xilinx/interface/saxilite.hlp 
Execute               source /opt/xilinx/Vivado/2019.2/common/technology/xilinx/common/dsp48.hlp 
Execute         source /opt/xilinx/Vivado/2019.2/common/technology/xilinx/zynq/zynq_fpv6.gen 
Execute           source /opt/xilinx/Vivado/2019.2/common/technology/xilinx/common/xilinx_fp.gen 
INFO: [HLS 200-10] Setting target device to 'xc7z020-clg484-1'
Execute       ap_part_info -name xc7z020-clg484-1 -data info 
Execute       get_default_platform 
Command     set_part done; 3.53 sec.
Execute     create_clock -period 10 
Execute       config_clock -quiet -name default -period 10 -default=false 
INFO: [SYN 201-201] Setting up clock 'default' with a period of 10ns.
Execute     csim_design 
INFO: [SIM 211-2] *************** CSIM start ***************
INFO: [SIM 211-4] CSIM will launch GCC as the compiler.
Execute       is_encrypted /home/pis7/ece6775/lab1/cordic_test.cpp 
Execute       is_xip /home/pis7/ece6775/lab1/cordic_test.cpp 
Execute       is_encrypted /home/pis7/ece6775/lab1/cordic.cpp 
Execute       is_xip /home/pis7/ece6775/lab1/cordic.cpp 
Execute       ap_part_info -name xc7z020-clg484-1 -data info 
Execute       source run_sim.tcl 
Command       ap_source done; 0.22 sec.
INFO: [SIM 211-1] CSim done with 0 errors.
INFO: [SIM 211-3] *************** CSIM finish ***************
Command     csim_design done; 1.8 sec.
Execute     csynth_design 
Execute       get_config_compile -dump_cfg 
Execute       get_config_compile -effort 
Execute       get_config_compile -enable_clang39 
Execute       get_config_compile -g 
Execute       get_config_compile -ng 
Execute       get_config_compile -opt_fp 
Execute       get_config_compile -skip_cdt 
Execute       get_config_compile -skip_syncheck 
Execute       get_config_compile -skip_transform 
Execute       get_config_compile -keep_printf 
Execute       elaborate -effort=medium -skip_syncheck=0 -keep_printf=0 -skip_cdt=0 -skip_transform=0 -ng=0 -g=0 -opt_fp=0 -from_csynth_design=1 
Execute         get_config_schedule -relax_ii_for_timing 
INFO: [SCHED 204-61] Option 'relax_ii_for_timing' is enabled, will increase II to preserve clock frequency constraints.
Execute         get_config_schedule -suppress_dependence_error_break 
INFO: [HLS 200-10] Analyzing design file 'cordic.cpp' ... 
INFO-FLOW: Compiling one TU...
Execute         is_m_axi_addr64 
INFO-FLOW: Handling cordic.cpp as C++
Execute         ap_part_info -name xc7z020-clg484-1 -data info 
Execute         is_encrypted cordic.cpp 
Execute         ap_part_info -name xc7z020-clg484-1 -data info 
INFO-FLOW: Running: GCC PP
INFO-FLOW: Source preprocessing
Execute         clang  -fno-limit-debug-info -gcc-toolchain "/opt/xilinx/Vivado/2019.2/lnx64/tools/gcc" -hls  -fno-exceptions  -D__llvm__  -E "cordic.cpp"   -DNUM_ITER=5  -fno-math-errno -c -emit-llvm -O0  -mllvm -disable-llvm-optzns -fno-threadsafe-statics  -fno-use-cxa-atexit  -fno-threadsafe-statics -fno-use-cxa-atexit -D__CLANG_3_1__ -DAESL_SYN -D__SYNTHESIS__ -D__HLS_SYN__ -I "/opt/xilinx/Vivado/2019.2/common/technology/autopilot" -I "/opt/xilinx/Vivado/2019.2/common/technology/autopilot/ap_sysc" -include etc/autopilot_ssdm_op.h -D__DSP48E1__  -o "/home/pis7/ece6775/lab1/float_iter_5.prj/solution1/.autopilot/db/cordic.pp.0.cpp" 
INFO-FLOW: exec /opt/xilinx/Vivado/2019.2/lnx64/tools/clang/bin/clang -fno-limit-debug-info -gcc-toolchain /opt/xilinx/Vivado/2019.2/lnx64/tools/gcc -hls -fno-exceptions -D__llvm__ -E cordic.cpp -DNUM_ITER=5 -fno-math-errno -c -emit-llvm -O0 -mllvm -disable-llvm-optzns -fno-threadsafe-statics -fno-use-cxa-atexit -fno-threadsafe-statics -fno-use-cxa-atexit -D__CLANG_3_1__ -DAESL_SYN -D__SYNTHESIS__ -D__HLS_SYN__ -I /opt/xilinx/Vivado/2019.2/common/technology/autopilot -I /opt/xilinx/Vivado/2019.2/common/technology/autopilot/ap_sysc -include etc/autopilot_ssdm_op.h -D__DSP48E1__ -o /home/pis7/ece6775/lab1/float_iter_5.prj/solution1/.autopilot/db/cordic.pp.0.cpp
Command         clang done; 2.12 sec.
Execute         tidy_31 xilinx-xfmat-array-geometry /home/pis7/ece6775/lab1/float_iter_5.prj/solution1/.autopilot/db/cordic.pp.0.cpp std=gnu++98 
INFO-FLOW: exec /opt/xilinx/Vivado/2019.2/lnx64/tools/clang-3.9-csynth/bin/tidy-3.1 -header-filter=.* -checks=-*,xilinx-xfmat-array-geometry -quiet -fix /home/pis7/ece6775/lab1/float_iter_5.prj/solution1/.autopilot/db/cordic.pp.0.cpp -- -std=gnu++98 -fhls -ferror-limit=0
Command         tidy_31 done; 0.19 sec.
INFO-FLOW: Syntax Checking before pre-processing...
Execute         clang -syntaxcheck -src /home/pis7/ece6775/lab1/float_iter_5.prj/solution1/.autopilot/db/cordic.pp.0.cpp  -fno-limit-debug-info -gcc-toolchain "/opt/xilinx/Vivado/2019.2/lnx64/tools/gcc" -hls  -DNUM_ITER=5  -fno-math-errno -c -emit-llvm -O0  -mllvm -disable-llvm-optzns -fno-threadsafe-statics  -fno-use-cxa-atexit  -fno-threadsafe-statics -fno-use-cxa-atexit -D__CLANG_3_1__ -DAESL_SYN -D__SYNTHESIS__ -D__HLS_SYN__ -I "/opt/xilinx/Vivado/2019.2/common/technology/autopilot" -I "/opt/xilinx/Vivado/2019.2/common/technology/autopilot/ap_sysc" -include etc/autopilot_ssdm_op.h -D__DSP48E1__  "/home/pis7/ece6775/lab1/float_iter_5.prj/solution1/.autopilot/db/cordic.pp.0.cpp"  -o "/home/pis7/ece6775/lab1/float_iter_5.prj/solution1/.autopilot/db/useless.bc"  
INFO-FLOW: exec /opt/xilinx/Vivado/2019.2/lnx64/tools/clang/bin/clang -fno-limit-debug-info -gcc-toolchain /opt/xilinx/Vivado/2019.2/lnx64/tools/gcc -hls -DNUM_ITER=5 -fno-math-errno -c -emit-llvm -O0 -mllvm -disable-llvm-optzns -fno-threadsafe-statics -fno-use-cxa-atexit -fno-threadsafe-statics -fno-use-cxa-atexit -D__CLANG_3_1__ -DAESL_SYN -D__SYNTHESIS__ -D__HLS_SYN__ -I /opt/xilinx/Vivado/2019.2/common/technology/autopilot -I /opt/xilinx/Vivado/2019.2/common/technology/autopilot/ap_sysc -include etc/autopilot_ssdm_op.h -D__DSP48E1__ /home/pis7/ece6775/lab1/float_iter_5.prj/solution1/.autopilot/db/cordic.pp.0.cpp -o /home/pis7/ece6775/lab1/float_iter_5.prj/solution1/.autopilot/db/useless.bc
Command         clang done; 1.86 sec.
INFO-FLOW: Done: GCC PP time: 4.2 seconds per iteration
Execute         source /opt/xilinx/Vivado/2019.2/tps/tcl/tcllib1.11.1/yaml/huddle.tcl 
Execute         source /opt/xilinx/Vivado/2019.2/tps/tcl/tcllib1.11.1/yaml/json2huddle.tcl 
Execute           source /opt/xilinx/Vivado/2019.2/tps/tcl/tcllib1.11.1/try/try.tcl 
Execute         list_core -type functional_unit 
Execute         tidy_31 xilinx-systemc-detector /home/pis7/ece6775/lab1/float_iter_5.prj/solution1/.autopilot/db/cordic.pp.0.cpp std=gnu++98 -directive=/home/pis7/ece6775/lab1/float_iter_5.prj/solution1/.autopilot/db/.systemc_flag 
INFO-FLOW: exec /opt/xilinx/Vivado/2019.2/lnx64/tools/clang-3.9-csynth/bin/tidy-3.1 -header-filter=.* -checks=-*,xilinx-systemc-detector -import-directive=/home/pis7/ece6775/lab1/float_iter_5.prj/solution1/.autopilot/db/.systemc_flag -quiet -fix-errors /home/pis7/ece6775/lab1/float_iter_5.prj/solution1/.autopilot/db/cordic.pp.0.cpp -- -std=gnu++98 -fhls -ferror-limit=0
Command         tidy_31 done; 0.14 sec.
INFO-FLOW: Running: tidy-3.1 CDT preprocess
Execute         tidy_31 xilinx-directive2pragma /home/pis7/ece6775/lab1/float_iter_5.prj/solution1/.autopilot/db/cordic.pp.0.cpp std=gnu++98 -directive=/home/pis7/ece6775/lab1/float_iter_5.prj/solution1/.autopilot/db/all.directive.json 
INFO-FLOW: exec /opt/xilinx/Vivado/2019.2/lnx64/tools/clang-3.9-csynth/bin/tidy-3.1 -header-filter=.* -checks=-*,xilinx-directive2pragma -import-directive=/home/pis7/ece6775/lab1/float_iter_5.prj/solution1/.autopilot/db/all.directive.json -quiet -fix-errors /home/pis7/ece6775/lab1/float_iter_5.prj/solution1/.autopilot/db/cordic.pp.0.cpp -- -std=gnu++98 -fhls -ferror-limit=0
Command         tidy_31 done; 0.14 sec.
Execute         get_config_dataflow -strict_mode 
Execute         ap_eval exec -ignorestderr /opt/xilinx/Vivado/2019.2/lnx64/tools/clang-3.9-csynth/bin/xilinx-dataflow-lawyer -export-fixes=/home/pis7/ece6775/lab1/float_iter_5.prj/solution1/.autopilot/db/xilinx-dataflow-lawyer.cordic.pp.0.cpp.diag.yml /home/pis7/ece6775/lab1/float_iter_5.prj/solution1/.autopilot/db/cordic.pp.0.cpp -- -std=gnu++98 -fhls -ferror-limit=0 -fstrict-dataflow > /home/pis7/ece6775/lab1/float_iter_5.prj/solution1/.autopilot/db/xilinx-dataflow-lawyer.cordic.pp.0.cpp.out.log 2> /home/pis7/ece6775/lab1/float_iter_5.prj/solution1/.autopilot/db/xilinx-dataflow-lawyer.cordic.pp.0.cpp.err.log 
Command         ap_eval done; 0.2 sec.
Execute         tidy_31 -errorcheck xilinx-constantarray-param,xilinx-resource-pragma-transformer,xilinx-xfmat-array-geometry /home/pis7/ece6775/lab1/float_iter_5.prj/solution1/.autopilot/db/cordic.pp.0.cpp std=gnu++98 
Execute           ap_eval exec -ignorestderr /opt/xilinx/Vivado/2019.2/lnx64/tools/clang-3.9-csynth/bin/tidy-3.1 -export-fixes=/home/pis7/ece6775/lab1/float_iter_5.prj/solution1/.autopilot/db/tidy-3.1.cordic.pp.0.cpp.diag.yml -header-filter=.* -checks=-*,xilinx-constantarray-param,xilinx-resource-pragma-transformer,xilinx-xfmat-array-geometry -quiet -fix-errors /home/pis7/ece6775/lab1/float_iter_5.prj/solution1/.autopilot/db/cordic.pp.0.cpp -- -std=gnu++98 -fhls -ferror-limit=0 > /home/pis7/ece6775/lab1/float_iter_5.prj/solution1/.autopilot/db/tidy-3.1.cordic.pp.0.cpp.out.log 2> /home/pis7/ece6775/lab1/float_iter_5.prj/solution1/.autopilot/db/tidy-3.1.cordic.pp.0.cpp.err.log 
Command           ap_eval done; 0.19 sec.
Execute           ap_eval exec -ignorestderr /opt/xilinx/Vivado/2019.2/lnx64/tools/clang-3.9-csynth/bin/xilinx-legacy-rewriter /home/pis7/ece6775/lab1/float_iter_5.prj/solution1/.autopilot/db/cordic.pp.0.cpp -- -std=gnu++98 -fhls -ferror-limit=0 > /home/pis7/ece6775/lab1/float_iter_5.prj/solution1/.autopilot/db/xilinx-legacy-rewriter.cordic.pp.0.cpp.out.log 2> /home/pis7/ece6775/lab1/float_iter_5.prj/solution1/.autopilot/db/xilinx-legacy-rewriter.cordic.pp.0.cpp.err.log 
Command           ap_eval done; 0.14 sec.
Command         tidy_31 done; 0.35 sec.
INFO-FLOW: Done: tidy-3.1 CDT preprocess time: 0.7 seconds per iteration
INFO-FLOW: Pragma Handling...
Execute         tidy_31 xilinx-ssdm-intrinsics-arguments /home/pis7/ece6775/lab1/float_iter_5.prj/solution1/.autopilot/db/cordic.pragma.1.cpp std=gnu++98 
INFO-FLOW: exec /opt/xilinx/Vivado/2019.2/lnx64/tools/clang-3.9-csynth/bin/tidy-3.1 -header-filter=.* -checks=-*,xilinx-ssdm-intrinsics-arguments -quiet -fix-errors /home/pis7/ece6775/lab1/float_iter_5.prj/solution1/.autopilot/db/cordic.pragma.1.cpp -- -std=gnu++98 -fhls -ferror-limit=0
Command         tidy_31 done; 0.2 sec.
Execute         ap_part_info -name xc7z020-clg484-1 -data info 
INFO-FLOW: Processing labels
Execute         clang -src /home/pis7/ece6775/lab1/float_iter_5.prj/solution1/.autopilot/db/cordic.pragma.2.cpp  -fno-limit-debug-info -gcc-toolchain /opt/xilinx/Vivado/2019.2/lnx64/tools/gcc -hls -hls-analyze-label -hls-analyze-pragma -fno-exceptions  -D__llvm__  -w  "/home/pis7/ece6775/lab1/float_iter_5.prj/solution1/.autopilot/db/cordic.pragma.2.cpp"  -DNUM_ITER=5  -fno-math-errno -c -emit-llvm -O0  -mllvm -disable-llvm-optzns -fno-threadsafe-statics  -fno-use-cxa-atexit -DAESL_SYN -D__SYNTHESIS__ -D__HLS_SYN__ -I "/opt/xilinx/Vivado/2019.2/common/technology/autopilot" -I "/opt/xilinx/Vivado/2019.2/common/technology/autopilot/ap_sysc" -include etc/autopilot_ssdm_op.h -D__DSP48E1__ -g -o "/home/pis7/ece6775/lab1/float_iter_5.prj/solution1/.autopilot/db/cordic.bc" 
INFO-FLOW: exec /opt/xilinx/Vivado/2019.2/lnx64/tools/clang/bin/clang -fno-limit-debug-info -gcc-toolchain /opt/xilinx/Vivado/2019.2/lnx64/tools/gcc -hls -hls-analyze-label -hls-analyze-pragma -fno-exceptions -D__llvm__ -w /home/pis7/ece6775/lab1/float_iter_5.prj/solution1/.autopilot/db/cordic.pragma.2.cpp -DNUM_ITER=5 -fno-math-errno -c -emit-llvm -O0 -mllvm -disable-llvm-optzns -fno-threadsafe-statics -fno-use-cxa-atexit -DAESL_SYN -D__SYNTHESIS__ -D__HLS_SYN__ -I /opt/xilinx/Vivado/2019.2/common/technology/autopilot -I /opt/xilinx/Vivado/2019.2/common/technology/autopilot/ap_sysc -include etc/autopilot_ssdm_op.h -D__DSP48E1__ -g -o /home/pis7/ece6775/lab1/float_iter_5.prj/solution1/.autopilot/db/cordic.bc
Command         clang done; 1.9 sec.
INFO-FLOW: Linking Debug ...
Execute         llvm-ld /home/pis7/ece6775/lab1/float_iter_5.prj/solution1/.autopilot/db/cordic.g.bc -hls-opt -except-internalize cordic -L/opt/xilinx/Vivado/2019.2/lnx64/lib -lhlsm -lhlsmc++ -o /home/pis7/ece6775/lab1/float_iter_5.prj/solution1/.autopilot/db/a.g 
Command         llvm-ld done; 0.94 sec.
INFO: [HLS 200-111] Finished Linking Time (s): cpu = 00:00:10 ; elapsed = 00:00:15 . Memory (MB): peak = 1168.148 ; gain = 530.125 ; free physical = 19647 ; free virtual = 32557
INFO: [HLS 200-111] Finished Checking Pragmas Time (s): cpu = 00:00:10 ; elapsed = 00:00:15 . Memory (MB): peak = 1168.148 ; gain = 530.125 ; free physical = 19647 ; free virtual = 32557
Execute         get_config_sdx -target 
Execute         opt_and_import_c a -opt_level=2 -skip_syncheck=0 -ng=0 -keep_printf=0 
Execute           cleanup_all_models 
INFO: [HLS 200-10] Starting code transformations ...
Execute           transform -promote-dbg-pointer /home/pis7/ece6775/lab1/float_iter_5.prj/solution1/.autopilot/db/a.pp.bc -o /home/pis7/ece6775/lab1/float_iter_5.prj/solution1/.autopilot/db/a.pp.0.bc -f 
Execute           llvm-ld /home/pis7/ece6775/lab1/float_iter_5.prj/solution1/.autopilot/db/a.pp.0.bc -disable-opt -L/opt/xilinx/Vivado/2019.2/lnx64/lib -lfloatconversion -o /home/pis7/ece6775/lab1/float_iter_5.prj/solution1/.autopilot/db/a.g.0 
Command           llvm-ld done; 0.94 sec.
INFO-FLOW: Running Standard Transforms...
Execute           transform -hls -share-std-xform -demangle-name -inline-byval-memcpy -always-inline -promote-dbg-pointer -interface-preproc -mem2reg -scalarrepl -mem2reg -keep-read-access -instcombine -dce -promote-dbg-pointer -bitop-raise -loop-simplify -indvarspre -indvars -loop-simplify -xunroll -constprop -instcombine -simplifycfg -indvars -simplifycfg -dce -globaldce -basicaa -simplifycfg -mem2reg -globalopt -global-constprop -deadargelim -instcombine -simplifycfg -prune-eh -simplifycfg -scalarrepl -instcombine -reassociate -licm -simplifycfg -loop-simplify -indvars -instcombine -simplifycfg -mem2reg -loop-simplify -indvars -instcombine -gvn -gvn -instcombine -adce -break-crit-edges -simplifycfg -loop-delete -global-array-opt -dce -dse -adce -find-syn-modules -top cordic -deadargelim -mem2reg -instcombine -dce -presyn-prepare -auto-rom-infer -interface-preproc -syn-check -check-rec-only -find-region -simplifycfg -func-extr -function-inline -globaldce -mem2reg -instcombine -dce -gvn -globaldce -adce -adse -constprop -instcombine -bit-constprop -instcombine -dce -simplifycfg -bitop-raise -simplifycfg -dce -loop-delete -reassociate -globalopt -global-privatize -mem2reg -dce -global-constprop -pointer-simplify -constprop -dce -func-inst -deadargelim -auto-shift-reg-idiom -promote-dbg-pointer -norm-name /home/pis7/ece6775/lab1/float_iter_5.prj/solution1/.autopilot/db/a.g.0.bc -o /home/pis7/ece6775/lab1/float_iter_5.prj/solution1/.autopilot/db/a.g.1.bc -f -phase std-opt 
INFO: [HLS 200-111] Finished Standard Transforms Time (s): cpu = 00:00:11 ; elapsed = 00:00:16 . Memory (MB): peak = 1168.148 ; gain = 530.125 ; free physical = 19646 ; free virtual = 32556
INFO: [HLS 200-10] Checking synthesizability ...
INFO-FLOW: Checking Synthesizability 1/2..
Execute           transform -hls -syn-check -check-rec-only -disaggr -scalarrepl -norm-name -dce -mem2reg -instcombine -function-uniquify -directive-preproc -mem2reg -dse -dce -auto-rom-infer -dce -pag -array-normalize -instcombine -dce -warn-fifo-pointer -array-seg-normalize -instcombine -dce -array-flatten -instcombine -dce -array-burst -dce -deadargelim -promote-global-argument -simplifycfg -mem2reg -globaldce -dce -deadargelim -dce -instcombine -function-inline -globaldce -dce -doublePtrSimplify -doublePtrElim -dce -doublePtrSimplify -promote-dbg-pointer -dce -scalarrepl -dse -adse -instcombine -ptrLegalization -simplifycfg -dce -instcombine -pointer-simplify -ptrArgReplace -dce -instcombine -resolve-double-ptr -disaggr -scalarrepl -norm-name -dce -mem2reg -instcombine -ptrLegalization -simplifycfg -deadargelim -instcombine -dce -inst-simplify -function-uniquify -directive-preproc -mem2reg -dse -dce -globaldce -check-dspbuiltin /home/pis7/ece6775/lab1/float_iter_5.prj/solution1/.autopilot/db/a.g.1.bc -o /home/pis7/ece6775/lab1/float_iter_5.prj/solution1/.autopilot/db/a.g.2.prechk.bc -f 
INFO-FLOW: Checking Synthesizability 2/2..
Execute           transform -syn-check /home/pis7/ece6775/lab1/float_iter_5.prj/solution1/.autopilot/db/a.g.2.prechk.bc -o /home/pis7/ece6775/lab1/float_iter_5.prj/solution1/.autopilot/db/a.g.2.bc -f -phase syn-check 
WARNING: [SYNCHK 200-77] The top function 'cordic' (cordic.cpp:17) has no outputs. Possible cause(s) are: (1) Output parameters are passed by value; (2) intended outputs (parameters or global variables) are never written; (3) there are infinite loops.
INFO: [SYNCHK 200-10] 0 error(s), 1 warning(s).
INFO: [HLS 200-111] Finished Checking Synthesizability Time (s): cpu = 00:00:11 ; elapsed = 00:00:16 . Memory (MB): peak = 1168.148 ; gain = 530.125 ; free physical = 19645 ; free virtual = 32555
INFO-FLOW: Compiler optimizing ...
INFO-FLOW: Share syncheck's 1.bc for syn flow: copy /home/pis7/ece6775/lab1/float_iter_5.prj/solution1/.autopilot/db/a.g.1.bc to /home/pis7/ece6775/lab1/float_iter_5.prj/solution1/.autopilot/db/a.o.1.bc
INFO-FLOW: Presyn 1...
Execute           transform -hls -tmp /home/pis7/ece6775/lab1/float_iter_5.prj/solution1/.autopilot/db -interface-port-rename -type-info -function-uniquify -directive-preproc -mem2reg -dse -dce -disaggr -scalarrepl -norm-name -deadargelim -mem2reg -instcombine -dce -simplifycfg -auto-rom-infer -dce -function-uniquify -resource-proc -clib-intrinsic-prepare -dce -func-buffer -dce -pag -array-normalize -func-legal -instcombine -gvn -constprop -dce -simplifycfg -mem2reg -globaldce -resolve-double-ptr -dce -deadargelim -dce -instcombine -ptrArgReplace -mem2reg -dce -array-seg-normalize -deadargelim -instcombine -dce -pointer-simplify -dce -port-alignment -dce -interface-preproc -data-pack -instcombine -dce -basicaa -aggr-aa -aggrmodref-aa -aggr-aa -gvn -gvn -basicaa -aggr-aa -aggrmodref-aa -aggr-aa -dse -adse -adce -loop-simplify -indvars -instcombine -gvn -loop-simplify -mem2reg -dce -find-region -instcombine -auto-loop-pipeline -inst-simplify -interface-preproc -cfgopt -instcombine -indvars -auto-loop-unroll -loop-simplify -loop-bound -xunroll -constprop -instcombine -simplifycfg -indvars -simplifycfg -dce -globaldce -clean-region -attach-range -gvn -inst-simplify -constprop -simplifycfg -dce -pointer-simplify -dce -globalopt -constprop -dce -array-promote -constprop -dce -ptrArgReplace -mem2reg -simplifycfg -dce -auto-par -instcombine -dce -array-transform-check -array-reshape -instcombine -simplifycfg -dce -ptrArgReplace -deadargelim -mem2reg -instcombine -simplifycfg -dce -indvars -loop-simplify -loop-bound -xunroll -constprop -instcombine -simplifycfg -indvars -simplifycfg -dce -globaldce -basicaa -aggr-aa -aggrmodref-aa -aggr-aa -dse -duplicate-dataflow-processes -globaldce -instcombine -array-partition -instcombine -simplifycfg -dce -ptrArgReplace -global-constprop -deadargelim -mem2reg -func-legal -dce -global-constprop -deadargelim -mem2reg -simplifycfg -dce -merge-param -deadargelim -globalopt -constprop -dce -array-promote -constprop -dce -ptrArgReplace -mem2reg -simplifycfg -dce -mem-intrinsic-preproc -dce -global-internalize -global-privatize -mem2reg -globaldce -promote-global-argument -ptrArgReplace -mem2reg -dce -globalopt -mergereturn -simplify-global-access -mem2reg -dce -pointer-simplify -dce -functionattrs -basicaa -aggr-aa -aggrmodref-aa -aggr-aa -gvn -gvn -basicaa -aggr-aa -aggrmodref-aa -aggr-aa -dse -adse -adce -dce -norm-name -function-inline -complex-op-raise -inst-simplify -globaldce -func-inst -constprop -instcombine -simplifycfg -dce -func-legal -dce -loop-bound -arraycheck -bitwidthmin -on-by-dataflow -loop-delete -instcombine -simplifycfg -globaldce -dce -gvn -deadargelim -dce -loop-simplify -clean-region -simplifycfg -propagate-stable-arguments -loop-stream -instcombine -simplifycfg -dce -globaldce -duplicate-dataflow-processes -stream-intrinsic-preproc -dce -check-ap-stream -loop-simplify -eliminate-keepreads -extract-dataflow-in-loop -loop-simplify -dce -gvn -deadargelim -dse -check-dataflow-syntax -legalize-stream-variable -legalize-global -extract-subproc -dce -dead-channel-elimination -canonicalize-gep -globaldce -dce -gvn -deadargelim -annotate-dataflow-channels -scalar-propagation -deadargelim -globaldce -mem2reg -check-dataflow-channels -function-stream -dce -globaldce -prop-fifo-spec -internal-stream-gen -canonicalize-gep -globaldce -dce -gvn -deadargelim -mergereturn -indvars -loop-simplify -instcombine -array-stream -array-seg-normalize -array-partition -func-legal -instcombine -simplifycfg -dce -bundle-memfifo-ops -deadargelim -function-uniquify -directive-preproc -mem2reg -dse -dce -group-axi-access -licm -simplifycfg -dce -loop-delete -norm-name /home/pis7/ece6775/lab1/float_iter_5.prj/solution1/.autopilot/db/a.o.1.bc -o /home/pis7/ece6775/lab1/float_iter_5.prj/solution1/.autopilot/db/a.o.1.tmp.bc -f 
INFO-FLOW: Presyn 2...
Execute           transform -hls -keep-callgraph -scalarrepl -mem2reg -port-alignment -attach-range -dce -pipe-mux-gen -indvars -loop-bound -inst-simplify -instcombine -dce -merge-array-access -mem2reg -dce -clean-region -mergereturn -if-conv -instcombine -dce -constprop -basicaa -aggr-aa -aggrmodref-aa -aggr-aa -gvn -gvn -basicaa -aggr-aa -aggrmodref-aa -aggr-aa -dse -adse -adce -scalarrepl -mem2reg -global-constprop -deadargelim -deadargelim -instcombine -dce -simplifycfg -ptrArgReplace -mem2reg -function-inline -globaldce -mem2reg -instcombine -dce -expr-balance -instcombine -dce -bitwidthmin -interface-preproc -directive-preproc -inst-rectify -instcombine -dce -functionattrs -constprop -instcombine -bit-constprop -simplify-global-access -globalopt -globaldce -inst-simplify -instcombine -elimdeaddata -dce -loop-delete -simplifycfg -loop-simplify -auto-burst -norm-name /home/pis7/ece6775/lab1/float_iter_5.prj/solution1/.autopilot/db/a.o.1.tmp.bc -o /home/pis7/ece6775/lab1/float_iter_5.prj/solution1/.autopilot/db/a.o.2.bc -f -phase presyn 
INFO: [HLS 200-111] Finished Pre-synthesis Time (s): cpu = 00:00:11 ; elapsed = 00:00:16 . Memory (MB): peak = 1173.180 ; gain = 535.156 ; free physical = 19624 ; free virtual = 32535
INFO-FLOW: Building ssdm...
Execute           transform -hls -function-uniquify -auto-function-inline -globaldce -ptrArgReplace -mem2reg -dce -reset-lda -loop-simplify -indvars -licm -loop-dep -loop-bound -licm -loop-simplify -flattenloopnest -array-flatten -gvn -instcombine -dce -array-map -dce -func-legal -gvn -adce -instcombine -cfgopt -simplifycfg -loop-simplify -array-burst -promote-global-argument -dce -ptrLegalization -axi4-lower -array-seg-normalize -basicaa -aggrmodref-aa -globalsmodref-aa -aggr-aa -gvn -gvn -basicaa -aggrmodref-aa -globalsmodref-aa -aggr-aa -dse -adse -adce -licm -inst-simplify -dce -globaldce -instcombine -array-stream -eliminate-keepreads -instcombine -dce -deadargelim -doublePtrSimplify -doublePtrElim -dce -doublePtrSimplify -promote-dbg-pointer -dce -scalarrepl -mem2reg -disaggr -norm-name -mem2reg -instcombine -dse -adse -adce -ptrLegalization -dce -auto-rom-infer -array-flatten -dce -instcombine -check-doubleptr -loop-rot -constprop -cfgopt -simplifycfg -loop-simplify -indvars -pointer-simplify -dce -loop-bound -loop-simplify -loop-preproc -constprop -global-constprop -gvn -mem2reg -instcombine -dce -loop-bound -loop-merge -dce -bitwidthmin -deadargelim -dce -canonicalize-dataflow -dce -scalar-propagation -deadargelim -globaldce -mem2reg -read-loop-dep -interface-preproc -directive-preproc -interface-gen -bram-byte-enable -deadargelim -inst-simplify -dce -gvn -mem2reg -instcombine -dce -adse -loop-bound -instcombine -cfgopt -simplifycfg -loop-simplify -clean-region -io-protocol -find-region -mem2reg -bitop-raise -complex-op-raise -inst-simplify -inst-rectify -instcombine -adce -deadargelim -loop-simplify -phi-opt -bitop-raise -cfgopt -simplifycfg -strip-dead-prototypes -interface-lower -bitop-lower -intrinsic-lower -auto-function-inline -basicaa -aggrmodref-aa -globalsmodref-aa -aggr-aa -inst-simplify -simplifycfg -loop-simplify -mergereturn -inst-simplify -inst-rectify -dce -load-elim -bitop-lower -loop-rewind -pointer-simplify -dce -cfgopt -dce -loop-bound -loop-dep -read-loop-dep -dce -check-stream -norm-name -legalize -validate-dataflow -inst-clarity -bitwidth -dump-loop-dep-to-ir -check-all-ssdm -cdfg-build /home/pis7/ece6775/lab1/float_iter_5.prj/solution1/.autopilot/db/a.o.2.bc -o /home/pis7/ece6775/lab1/float_iter_5.prj/solution1/.autopilot/db/a.o.3.bc -f -phase build-ssdm 
INFO: [HLS 200-111] Finished Architecture Synthesis Time (s): cpu = 00:00:12 ; elapsed = 00:00:16 . Memory (MB): peak = 1173.180 ; gain = 535.156 ; free physical = 19622 ; free virtual = 32534
INFO-FLOW: Finish building internal data model.
Command         opt_and_import_c done; 1.23 sec.
Command       elaborate done; 9.63 sec.
Execute       autosyn -from_csynth_design=1 
INFO: [HLS 200-10] Starting hardware synthesis ...
INFO-FLOW: Synthesizing C/C++ design ...
INFO: [HLS 200-10] Synthesizing 'cordic' ...
Execute         ap_set_top_model cordic 
Execute         get_model_list cordic -filter all-wo-channel -topdown 
Execute         preproc_iomode -model cordic 
Execute         get_model_list cordic -filter all-wo-channel 
INFO-FLOW: Model list for configure: cordic
INFO-FLOW: Configuring Module : cordic ...
Execute         set_default_model cordic 
Execute         apply_spec_resource_limit cordic 
INFO-FLOW: Model list for preprocess: cordic
INFO-FLOW: Preprocessing Module: cordic ...
Execute         set_default_model cordic 
Execute         cdfg_preprocess -model cordic 
Execute         rtl_gen_preprocess cordic 
INFO-FLOW: Model list for synthesis: cordic
INFO: [HLS 200-10] ----------------------------------------------------------------
INFO: [HLS 200-42] -- Implementing module 'cordic' 
INFO: [HLS 200-10] ----------------------------------------------------------------
Execute         set_default_model cordic 
Execute         schedule -model cordic 
INFO: [SCHED 204-11] Starting scheduling ...
INFO: [SCHED 204-11] Finished scheduling.
INFO: [HLS 200-111]  Elapsed time: 15.94 seconds; current allocated memory: 120.220 MB.
Execute         syn_report -verbosereport -o /home/pis7/ece6775/lab1/float_iter_5.prj/solution1/.autopilot/db/cordic.verbose.sched.rpt 
Execute         db_write -o /home/pis7/ece6775/lab1/float_iter_5.prj/solution1/.autopilot/db/cordic.sched.adb -f 
INFO-FLOW: Finish scheduling cordic.
Execute         set_default_model cordic 
Execute         bind -model cordic 
BIND OPTION: model=cordic
INFO: [BIND 205-100] Starting micro-architecture generation ...
INFO: [BIND 205-101] Performing variable lifetime analysis.
INFO: [BIND 205-101] Exploring resource sharing.
INFO: [BIND 205-101] Binding ...
INFO: [BIND 205-100] Finished micro-architecture generation.
INFO: [HLS 200-111]  Elapsed time: 0.04 seconds; current allocated memory: 120.275 MB.
Execute         syn_report -verbosereport -o /home/pis7/ece6775/lab1/float_iter_5.prj/solution1/.autopilot/db/cordic.verbose.bind.rpt 
Execute         db_write -o /home/pis7/ece6775/lab1/float_iter_5.prj/solution1/.autopilot/db/cordic.bind.adb -f 
INFO-FLOW: Finish binding cordic.
Execute         get_model_list cordic -filter all-wo-channel 
INFO-FLOW: Preprocessing for RTLGen ...
Execute         rtl_gen_preprocess cordic 
INFO-FLOW: Model list for RTL generation: cordic
INFO: [HLS 200-10] ----------------------------------------------------------------
INFO: [HLS 200-10] -- Generating RTL for module 'cordic' 
INFO: [HLS 200-10] ----------------------------------------------------------------
Execute         get_config_rtl -module_prefix 
Execute         get_config_rtl -module_auto_prefix 
Execute         create_rtl_model cordic -vendor xilinx -mg_file /home/pis7/ece6775/lab1/float_iter_5.prj/solution1/.autopilot/db/cordic.compgen.tcl 
INFO: [RTGEN 206-500] Setting interface mode on port 'cordic/theta' to 'ap_none'.
INFO: [RTGEN 206-500] Setting interface mode on port 'cordic/s' to 'ap_none'.
INFO: [RTGEN 206-500] Setting interface mode on port 'cordic/c' to 'ap_none'.
INFO: [RTGEN 206-500] Setting interface mode on function 'cordic' to 'ap_ctrl_hs'.
WARNING: [RTGEN 206-101] Port 'cordic/theta' has no fanin or fanout and is left dangling.
               Please use C simulation to confirm this function argument can be read from or written to.
WARNING: [RTGEN 206-101] Port 'cordic/s' has no fanin or fanout and is left dangling.
               Please use C simulation to confirm this function argument can be read from or written to.
WARNING: [RTGEN 206-101] Port 'cordic/c' has no fanin or fanout and is left dangling.
               Please use C simulation to confirm this function argument can be read from or written to.
INFO: [RTGEN 206-100] Finished creating RTL model for 'cordic'.
INFO: [HLS 200-111]  Elapsed time: 0.08 seconds; current allocated memory: 120.369 MB.
Execute         source /home/pis7/ece6775/lab1/float_iter_5.prj/solution1/.autopilot/db/cordic.rtl_wrap.cfg.tcl 
Execute         gen_rtl cordic -istop -style xilinx -tracefl mytrace -tracefmt vcd -traceopt all -f -lang sc -o /home/pis7/ece6775/lab1/float_iter_5.prj/solution1/syn/systemc/cordic -synmodules cordic 
Execute         gen_rtl cordic -istop -style xilinx -f -lang vhdl -o /home/pis7/ece6775/lab1/float_iter_5.prj/solution1/syn/vhdl/cordic 
Execute         gen_rtl cordic -istop -style xilinx -f -lang vlog -o /home/pis7/ece6775/lab1/float_iter_5.prj/solution1/syn/verilog/cordic 
Execute         syn_report -csynth -model cordic -o /home/pis7/ece6775/lab1/float_iter_5.prj/solution1/syn/report/cordic_csynth.rpt 
Execute         syn_report -rtlxml -model cordic -o /home/pis7/ece6775/lab1/float_iter_5.prj/solution1/syn/report/cordic_csynth.xml 
Execute         syn_report -verbosereport -model cordic -o /home/pis7/ece6775/lab1/float_iter_5.prj/solution1/.autopilot/db/cordic.verbose.rpt 
Execute         db_write -model cordic -f -o /home/pis7/ece6775/lab1/float_iter_5.prj/solution1/.autopilot/db/cordic.adb 
Execute         gen_tb_info cordic -p /home/pis7/ece6775/lab1/float_iter_5.prj/solution1/.autopilot/db -o /home/pis7/ece6775/lab1/float_iter_5.prj/solution1/.autopilot/db/cordic 
Execute         export_constraint_db -f -tool general -o /home/pis7/ece6775/lab1/float_iter_5.prj/solution1/.autopilot/db/cordic.constraint.tcl 
Execute         syn_report -designview -model cordic -o /home/pis7/ece6775/lab1/float_iter_5.prj/solution1/.autopilot/db/cordic.design.xml 
Execute         get_config_rtl -disable_wave_debug 
Execute         syn_report -wcfg -model cordic -o /home/pis7/ece6775/lab1/float_iter_5.prj/solution1/.autopilot/db/cordic_dataflow_ana.wcfg 
Execute         syn_report -protoinst -model cordic -o /home/pis7/ece6775/lab1/float_iter_5.prj/solution1/.autopilot/db/cordic.protoinst 
Execute         get_config_debug -directory 
Execute         sc_get_clocks cordic 
Execute         get_config_export -vivado_clock 
Execute         sc_get_portdomain cordic 
INFO-FLOW: Model list for RTL component generation: cordic
INFO-FLOW: Handling components in module [cordic] ... 
Execute         source /home/pis7/ece6775/lab1/float_iter_5.prj/solution1/.autopilot/db/cordic.compgen.tcl 
INFO-FLOW: Append model cordic
INFO-FLOW: Generating RTL model list ...
INFO-FLOW: All models in this session: cordic
INFO-FLOW: To file: write model cordic
INFO-FLOW: Finished generating RTL model list.


INFO-FLOW: RTL Generation done.
INFO-FLOW: CAS Generation done.
INFO-FLOW: CBC Generation done.
Execute         syn_report -model cordic -printsummary 
INFO: [HLS 200-789] **** Estimated Fmax: 0.00 MHz
INFO-FLOW: DBG:CMD: auto_generate_csynth_design
INFO-FLOW: DBG:CMD:     auto_generate --sim-model -phase csynth_design -d /home/pis7/ece6775/lab1/float_iter_5.prj/solution1
Execute         source /home/pis7/ece6775/lab1/float_iter_5.prj/solution1/.autopilot/db/global.setting.tcl 
INFO-FLOW: DBG:CMD: read_platform_lib /home/pis7/ece6775/lab1/float_iter_5.prj/solution1/.autopilot/db/global.setting.tcl
Execute         source /opt/xilinx/Vivado/2019.2/common/technology/generic/autopilot/common.gen 
Execute           source /opt/xilinx/Vivado/2019.2/common/technology/generic/autopilot/APCoreGen.gen 
Execute         source /opt/xilinx/Vivado/2019.2/common/technology/generic/autopilot/op.gen 
Execute         source /opt/xilinx/Vivado/2019.2/common/technology/generic/autopilot/op_simcore.gen 
Execute         source /opt/xilinx/Vivado/2019.2/common/technology/generic/autopilot/interface.gen 
Execute         source /home/pis7/ece6775/lab1/float_iter_5.prj/solution1/.autopilot/db/global.setting.tcl 
Execute         source /opt/xilinx/Vivado/2019.2/common/technology/xilinx/zynq/zynq.gen 
Execute           source /opt/xilinx/Vivado/2019.2/common/technology/xilinx/common/xilinx.gen 
Execute             source /opt/xilinx/Vivado/2019.2/common/technology/xilinx/interface/plb46.gen 
Execute             source /opt/xilinx/Vivado/2019.2/common/technology/xilinx/interface/fsl.gen 
Execute             source /opt/xilinx/Vivado/2019.2/common/technology/xilinx/interface/axi4.gen 
Execute             source /opt/xilinx/Vivado/2019.2/common/technology/xilinx/interface/nativeAXI4.gen 
Execute               source /opt/xilinx/Vivado/2019.2/common/technology/xilinx/interface/saxilite.gen 
Execute               source /opt/xilinx/Vivado/2019.2/common/technology/xilinx/interface/maxi.gen 
Execute             source /opt/xilinx/Vivado/2019.2/common/technology/xilinx/scripts/xilinxcoregen.gen 
Execute             source /opt/xilinx/Vivado/2019.2/common/technology/xilinx/interface/XilEDKCoreGen.gen 
Execute             source /opt/xilinx/Vivado/2019.2/common/technology/xilinx/ip/dds_compiler.gen 
Execute             source /opt/xilinx/Vivado/2019.2/common/technology/xilinx/ip/util.gen 
Execute             source /opt/xilinx/Vivado/2019.2/common/technology/xilinx/ip/xfft.gen 
Execute             source /opt/xilinx/Vivado/2019.2/common/technology/xilinx/ip/xfir.gen 
Execute             source /opt/xilinx/Vivado/2019.2/common/technology/xilinx/common/dsp48.gen 
Command           ap_source done; 0.15 sec.
Command         ap_source done; 0.16 sec.
Execute         source /opt/xilinx/Vivado/2019.2/common/technology/xilinx/zynq/zynq_fpv6.gen 
Execute           source /opt/xilinx/Vivado/2019.2/common/technology/xilinx/common/xilinx_fp.gen 
INFO-FLOW: DBG:CMD:   using AESL_AUTOCG::g_clock_period=10.000 (was NA)
INFO-FLOW: DBG:CMD:       generate_ip_cores sim=1 export=0 expOnly=0 dstVlogDir=syn/verilog
Execute         source /home/pis7/ece6775/lab1/float_iter_5.prj/solution1/.autopilot/db/global.setting.tcl 
Execute         ap_part_info -name xc7z020-clg484-1 -data names -quiet 
Execute         ap_part_info -name xc7z020-clg484-1 -data info -quiet 
Execute         source /home/pis7/ece6775/lab1/float_iter_5.prj/solution1/.autopilot/db/global.setting.tcl 
Execute         source /home/pis7/ece6775/lab1/float_iter_5.prj/solution1/.autopilot/db/global.setting.tcl 
Execute         source /home/pis7/ece6775/lab1/float_iter_5.prj/solution1/.autopilot/db/cordic.compgen.tcl 
INFO-FLOW: DBG:CMD:     auto_generate -export -impltomg_flag -rtl both -tool Vivado -pcore_version 1.00.a -phase csynth_design -d /home/pis7/ece6775/lab1/float_iter_5.prj/solution1
Execute         source /home/pis7/ece6775/lab1/float_iter_5.prj/solution1/.autopilot/db/global.setting.tcl 
INFO-FLOW: DBG:CMD: read_platform_lib /home/pis7/ece6775/lab1/float_iter_5.prj/solution1/.autopilot/db/global.setting.tcl
Execute         source /opt/xilinx/Vivado/2019.2/common/technology/generic/autopilot/common.gen 
Execute           source /opt/xilinx/Vivado/2019.2/common/technology/generic/autopilot/APCoreGen.gen 
Execute         source /opt/xilinx/Vivado/2019.2/common/technology/generic/autopilot/op.gen 
Execute         source /opt/xilinx/Vivado/2019.2/common/technology/generic/autopilot/op_simcore.gen 
Execute         source /opt/xilinx/Vivado/2019.2/common/technology/generic/autopilot/interface.gen 
Execute         source /home/pis7/ece6775/lab1/float_iter_5.prj/solution1/.autopilot/db/global.setting.tcl 
Execute         source /opt/xilinx/Vivado/2019.2/common/technology/xilinx/zynq/zynq.gen 
Execute           source /opt/xilinx/Vivado/2019.2/common/technology/xilinx/common/xilinx.gen 
Execute             source /opt/xilinx/Vivado/2019.2/common/technology/xilinx/interface/plb46.gen 
Execute             source /opt/xilinx/Vivado/2019.2/common/technology/xilinx/interface/fsl.gen 
Execute             source /opt/xilinx/Vivado/2019.2/common/technology/xilinx/interface/axi4.gen 
Execute             source /opt/xilinx/Vivado/2019.2/common/technology/xilinx/interface/nativeAXI4.gen 
Execute               source /opt/xilinx/Vivado/2019.2/common/technology/xilinx/interface/saxilite.gen 
Execute               source /opt/xilinx/Vivado/2019.2/common/technology/xilinx/interface/maxi.gen 
Execute             source /opt/xilinx/Vivado/2019.2/common/technology/xilinx/scripts/xilinxcoregen.gen 
Execute             source /opt/xilinx/Vivado/2019.2/common/technology/xilinx/interface/XilEDKCoreGen.gen 
Execute             source /opt/xilinx/Vivado/2019.2/common/technology/xilinx/ip/dds_compiler.gen 
Execute             source /opt/xilinx/Vivado/2019.2/common/technology/xilinx/ip/util.gen 
Execute             source /opt/xilinx/Vivado/2019.2/common/technology/xilinx/ip/xfft.gen 
Execute             source /opt/xilinx/Vivado/2019.2/common/technology/xilinx/ip/xfir.gen 
Execute             source /opt/xilinx/Vivado/2019.2/common/technology/xilinx/common/dsp48.gen 
Command           ap_source done; 0.16 sec.
Command         ap_source done; 0.16 sec.
Execute         source /opt/xilinx/Vivado/2019.2/common/technology/xilinx/zynq/zynq_fpv6.gen 
Execute           source /opt/xilinx/Vivado/2019.2/common/technology/xilinx/common/xilinx_fp.gen 
INFO-FLOW: DBG:CMD:       initCTypeInfo top_module=cordic xml_exists=0
Execute         source /home/pis7/ece6775/lab1/float_iter_5.prj/solution1/.autopilot/db/cordic.rtl_wrap.cfg.tcl 
Execute         source /home/pis7/ece6775/lab1/float_iter_5.prj/solution1/.autopilot/db/cordic.rtl_wrap.cfg.tcl 
Execute         source /home/pis7/ece6775/lab1/float_iter_5.prj/solution1/.autopilot/db/cordic.rtl_wrap.cfg.tcl 
Execute         source /home/pis7/ece6775/lab1/float_iter_5.prj/solution1/.autopilot/db/cordic.tbgen.tcl 
Execute         source /home/pis7/ece6775/lab1/float_iter_5.prj/solution1/.autopilot/db/cordic.tbgen.tcl 
INFO-FLOW: DBG:CMD:       export_impl_rtl
INFO-FLOW: DBG:CMD:       generate_ip_cores sim=0 export=0 expOnly=0 dstVlogDir=impl/.verilog
Execute         source /home/pis7/ece6775/lab1/float_iter_5.prj/solution1/.autopilot/db/global.setting.tcl 
Execute         source /home/pis7/ece6775/lab1/float_iter_5.prj/solution1/.autopilot/db/cordic.compgen.tcl 
INFO-FLOW: DBG:CMD:       generate_ip_cores sim=0 export=1 expOnly=1 dstVlogDir=impl/.pcores/verilog
Execute         source /home/pis7/ece6775/lab1/float_iter_5.prj/solution1/.autopilot/db/global.setting.tcl 
Execute         source /home/pis7/ece6775/lab1/float_iter_5.prj/solution1/.autopilot/db/cordic.compgen.tcl 
Execute           ap_part_info -name xc7z020-clg484-1 -data names -quiet 
Execute           ap_part_info -name xc7z020-clg484-1 -data info -quiet 
Execute           ap_part_info -name xc7z020-clg484-1 -data names -quiet 
Execute           ap_part_info -name xc7z020-clg484-1 -data info -quiet 
Execute           ap_part_info -name xc7z020-clg484-1 -data names -quiet 
Execute           ap_part_info -name xc7z020-clg484-1 -data info -quiet 
Execute           ap_part_info -name xc7z020-clg484-1 -data names -quiet 
Execute           ap_part_info -name xc7z020-clg484-1 -data info -quiet 
Execute           ap_part_info -name xc7z020-clg484-1 -data names -quiet 
Execute           ap_part_info -name xc7z020-clg484-1 -data info -quiet 
Execute         ap_part_info -name xc7z020-clg484-1 -data names -quiet 
Execute         ap_part_info -name xc7z020-clg484-1 -data info -quiet 
INFO-FLOW: DBG:CMD:       generate_ip_cores sim=0 export=0 expOnly=0 dstVlogDir=impl/.pcores/verilog_sim
Execute         source /home/pis7/ece6775/lab1/float_iter_5.prj/solution1/.autopilot/db/global.setting.tcl 
Execute         source /home/pis7/ece6775/lab1/float_iter_5.prj/solution1/.autopilot/db/cordic.compgen.tcl 
Execute         ap_part_info -name xc7z020-clg484-1 -data names -quiet 
Execute         ap_part_info -name xc7z020-clg484-1 -data info -quiet 
Execute         ap_part_info -name xc7z020-clg484-1 -data names -quiet 
Execute         ap_part_info -name xc7z020-clg484-1 -data info -quiet 
Execute         source /home/pis7/ece6775/lab1/float_iter_5.prj/solution1/.autopilot/db/global.setting.tcl 
Execute         ap_part_info -name xc7z020-clg484-1 -data names -quiet 
Execute         ap_part_info -name xc7z020-clg484-1 -data info -quiet 
Execute         source /home/pis7/ece6775/lab1/float_iter_5.prj/solution1/.autopilot/db/cordic.constraint.tcl 
INFO-FLOW: DBG:CMD:       hasPcoreIpAdapter=false #gSsdmPorts=2
INFO-FLOW: DBG:CMD: Skipping loadAnalyze_DB, #g_database=3
INFO-FLOW: DBG:CMD:       generate_json is_phase_csynth=1 g_has_adaptors=false generate_bd_files=0 #modelList=1 #gSsdmPorts=2
Execute         source /opt/xilinx/Vivado/2019.2/tps/tcl/tcllib1.11.1/fileutil/fileutil.tcl 
Execute           source /opt/xilinx/Vivado/2019.2/tps/tcl/tcllib1.11.1/cmdline/cmdline.tcl 
Execute         source /home/pis7/ece6775/lab1/float_iter_5.prj/solution1/.autopilot/db/global.setting.tcl 
Execute         source /home/pis7/ece6775/lab1/float_iter_5.prj/solution1/.autopilot/db/global.setting.tcl 
Execute         get_config_export -xo 
Execute         source /home/pis7/ece6775/lab1/float_iter_5.prj/solution1/.autopilot/db/cordic.tbgen.tcl 
Execute         source /home/pis7/ece6775/lab1/float_iter_5.prj/solution1/.autopilot/db/cordic.tbgen.tcl 
Execute         source /home/pis7/ece6775/lab1/float_iter_5.prj/solution1/.autopilot/db/global.setting.tcl 
Execute         get_config_sdx -target 
Execute         source /home/pis7/ece6775/lab1/float_iter_5.prj/solution1/.autopilot/db/cordic.rtl_wrap.cfg.tcl 
Execute         source /home/pis7/ece6775/lab1/float_iter_5.prj/solution1/.autopilot/db/cordic.compgen.dataonly.tcl 
Execute         source /home/pis7/ece6775/lab1/float_iter_5.prj/solution1/.autopilot/db/global.setting.tcl 
Execute         ap_part_info -name xc7z020-clg484-1 -data names -quiet 
Execute         ap_part_info -name xc7z020-clg484-1 -data info -quiet 
Execute         source /home/pis7/ece6775/lab1/float_iter_5.prj/solution1/.autopilot/db/cordic.constraint.tcl 
Execute         ap_part_info -name xc7z020-clg484-1 -data names -quiet 
Execute         ap_part_info -name xc7z020-clg484-1 -data info -quiet 
Execute         source /home/pis7/ece6775/lab1/float_iter_5.prj/solution1/.autopilot/db/global.setting.tcl 
Execute         get_config_debug -directory 
Execute         source /home/pis7/ece6775/lab1/float_iter_5.prj/solution1/.autopilot/db/cordic.tbgen.tcl 
Execute         get_config_sdx -target 
Execute         get_config_sdx -profile 
Execute         get_config_rtl -kernel_profile 
Execute         get_config_rtl -stall_sig_gen 
Execute         get_config_rtl -profile 
INFO-FLOW: DBG:CMD: add_json_sdx_info kernel file does not exist, skipping opencl info: /home/pis7/ece6775/lab1/float_iter_5.prj/solution1/.autopilot/db/kernel.internal.xml
INFO-FLOW: DBG:CMD:       delete-temp-dirs (skipped for debug)
INFO: [HLS 200-111] Finished generating all RTL models Time (s): cpu = 00:00:12 ; elapsed = 00:00:17 . Memory (MB): peak = 1184.973 ; gain = 546.949 ; free physical = 19615 ; free virtual = 32527
INFO: [VHDL 208-304] Generating VHDL RTL for cordic.
INFO: [VLOG 209-307] Generating Verilog RTL for cordic.
Command       autosyn done; 1.4 sec.
Command     csynth_design done; 11.05 sec.
Execute     source ./script/collect_result.tcl 
Execute     open_project float_iter_10.prj -reset 
INFO: [HLS 200-10] Creating and opening project '/home/pis7/ece6775/lab1/float_iter_10.prj'.
Execute     set_top cordic 
Execute     add_files cordic.cpp -cflags -DNUM_ITER=10 
INFO: [HLS 200-10] Adding design file 'cordic.cpp' to the project
Execute       is_xip cordic.cpp 
Execute     add_files -tb cordic_test.cpp -cflags -DNUM_ITER=10 
INFO: [HLS 200-10] Adding test bench file 'cordic_test.cpp' to the project
Execute     open_solution solution1 
Execute       cleanup_all 
Execute       cleanup_all 
