==============================================================
Vivado(TM) HLS - High-Level Synthesis from C, C++ and SystemC v2019.2 (64-bit)
Copyright 1986-2019 Xilinx, Inc. All Rights Reserved.
==============================================================
INFO: [HLS 200-10] Setting target device to 'xc7z020-clg484-1'
INFO: [SYN 201-201] Setting up clock 'default' with a period of 10ns.
INFO: [SIM 211-2] *************** CSIM start ***************
INFO: [SIM 211-4] CSIM will launch GCC as the compiler.
INFO: [SIM 211-1] CSim done with 0 errors.
INFO: [SIM 211-3] *************** CSIM finish ***************
INFO: [SCHED 204-61] Option 'relax_ii_for_timing' is enabled, will increase II to preserve clock frequency constraints.
INFO: [HLS 200-10] Analyzing design file 'cordic.cpp' ... 
INFO: [HLS 200-111] Finished Linking Time (s): cpu = 00:00:10 ; elapsed = 00:00:15 . Memory (MB): peak = 1168.148 ; gain = 530.125 ; free physical = 19647 ; free virtual = 32557
INFO: [HLS 200-111] Finished Checking Pragmas Time (s): cpu = 00:00:10 ; elapsed = 00:00:15 . Memory (MB): peak = 1168.148 ; gain = 530.125 ; free physical = 19647 ; free virtual = 32557
INFO: [HLS 200-10] Starting code transformations ...
INFO: [HLS 200-111] Finished Standard Transforms Time (s): cpu = 00:00:11 ; elapsed = 00:00:16 . Memory (MB): peak = 1168.148 ; gain = 530.125 ; free physical = 19646 ; free virtual = 32556
INFO: [HLS 200-10] Checking synthesizability ...
WARNING: [SYNCHK 200-77] The top function 'cordic' (cordic.cpp:17) has no outputs. Possible cause(s) are: (1) Output parameters are passed by value; (2) intended outputs (parameters or global variables) are never written; (3) there are infinite loops.
INFO: [SYNCHK 200-10] 0 error(s), 1 warning(s).
INFO: [HLS 200-111] Finished Checking Synthesizability Time (s): cpu = 00:00:11 ; elapsed = 00:00:16 . Memory (MB): peak = 1168.148 ; gain = 530.125 ; free physical = 19645 ; free virtual = 32555
INFO: [HLS 200-111] Finished Pre-synthesis Time (s): cpu = 00:00:11 ; elapsed = 00:00:16 . Memory (MB): peak = 1173.180 ; gain = 535.156 ; free physical = 19624 ; free virtual = 32535
INFO: [HLS 200-111] Finished Architecture Synthesis Time (s): cpu = 00:00:12 ; elapsed = 00:00:16 . Memory (MB): peak = 1173.180 ; gain = 535.156 ; free physical = 19622 ; free virtual = 32534
INFO: [HLS 200-10] Starting hardware synthesis ...
INFO: [HLS 200-10] Synthesizing 'cordic' ...
INFO: [HLS 200-10] ----------------------------------------------------------------
INFO: [HLS 200-42] -- Implementing module 'cordic' 
INFO: [HLS 200-10] ----------------------------------------------------------------
INFO: [SCHED 204-11] Starting scheduling ...
INFO: [SCHED 204-11] Finished scheduling.
INFO: [HLS 200-111]  Elapsed time: 15.94 seconds; current allocated memory: 120.220 MB.
INFO: [BIND 205-100] Starting micro-architecture generation ...
INFO: [BIND 205-101] Performing variable lifetime analysis.
INFO: [BIND 205-101] Exploring resource sharing.
INFO: [BIND 205-101] Binding ...
INFO: [BIND 205-100] Finished micro-architecture generation.
INFO: [HLS 200-111]  Elapsed time: 0.04 seconds; current allocated memory: 120.275 MB.
INFO: [HLS 200-10] ----------------------------------------------------------------
INFO: [HLS 200-10] -- Generating RTL for module 'cordic' 
INFO: [HLS 200-10] ----------------------------------------------------------------
INFO: [RTGEN 206-500] Setting interface mode on port 'cordic/theta' to 'ap_none'.
INFO: [RTGEN 206-500] Setting interface mode on port 'cordic/s' to 'ap_none'.
INFO: [RTGEN 206-500] Setting interface mode on port 'cordic/c' to 'ap_none'.
INFO: [RTGEN 206-500] Setting interface mode on function 'cordic' to 'ap_ctrl_hs'.
WARNING: [RTGEN 206-101] Port 'cordic/theta' has no fanin or fanout and is left dangling.
               Please use C simulation to confirm this function argument can be read from or written to.
WARNING: [RTGEN 206-101] Port 'cordic/s' has no fanin or fanout and is left dangling.
               Please use C simulation to confirm this function argument can be read from or written to.
WARNING: [RTGEN 206-101] Port 'cordic/c' has no fanin or fanout and is left dangling.
               Please use C simulation to confirm this function argument can be read from or written to.
INFO: [RTGEN 206-100] Finished creating RTL model for 'cordic'.
INFO: [HLS 200-111]  Elapsed time: 0.08 seconds; current allocated memory: 120.369 MB.
INFO: [HLS 200-789] **** Estimated Fmax: 0.00 MHz
INFO: [HLS 200-111] Finished generating all RTL models Time (s): cpu = 00:00:12 ; elapsed = 00:00:17 . Memory (MB): peak = 1184.973 ; gain = 546.949 ; free physical = 19615 ; free virtual = 32527
INFO: [VHDL 208-304] Generating VHDL RTL for cordic.
INFO: [VLOG 209-307] Generating Verilog RTL for cordic.
INFO: [HLS 200-10] Creating and opening project '/home/pis7/ece6775/lab1/float_iter_10.prj'.
INFO: [HLS 200-10] Adding design file 'cordic.cpp' to the project
INFO: [HLS 200-10] Adding test bench file 'cordic_test.cpp' to the project
INFO: [HLS 200-10] Creating and opening solution '/home/pis7/ece6775/lab1/float_iter_10.prj/solution1'.
INFO: [HLS 200-10] Cleaning up the solution database.
==============================================================
Vivado(TM) HLS - High-Level Synthesis from C, C++ and SystemC v2019.2 (64-bit)
Copyright 1986-2019 Xilinx, Inc. All Rights Reserved.
==============================================================
INFO: [HLS 200-10] Setting target device to 'xc7z020-clg484-1'
INFO: [SYN 201-201] Setting up clock 'default' with a period of 10ns.
INFO: [SIM 211-2] *************** CSIM start ***************
INFO: [SIM 211-4] CSIM will launch GCC as the compiler.
INFO: [SIM 211-1] CSim done with 0 errors.
INFO: [SIM 211-3] *************** CSIM finish ***************
INFO: [SCHED 204-61] Option 'relax_ii_for_timing' is enabled, will increase II to preserve clock frequency constraints.
INFO: [HLS 200-10] Analyzing design file 'cordic.cpp' ... 
INFO: [HLS 200-111] Finished Linking Time (s): cpu = 00:00:12 ; elapsed = 00:00:20 . Memory (MB): peak = 1168.148 ; gain = 530.125 ; free physical = 19865 ; free virtual = 33000
INFO: [HLS 200-111] Finished Checking Pragmas Time (s): cpu = 00:00:12 ; elapsed = 00:00:20 . Memory (MB): peak = 1168.148 ; gain = 530.125 ; free physical = 19865 ; free virtual = 33000
INFO: [HLS 200-10] Starting code transformations ...
INFO: [HLS 200-111] Finished Standard Transforms Time (s): cpu = 00:00:13 ; elapsed = 00:00:21 . Memory (MB): peak = 1168.148 ; gain = 530.125 ; free physical = 19857 ; free virtual = 32997
INFO: [HLS 200-10] Checking synthesizability ...
INFO: [HLS 200-111] Finished Checking Synthesizability Time (s): cpu = 00:00:13 ; elapsed = 00:00:21 . Memory (MB): peak = 1168.148 ; gain = 530.125 ; free physical = 19855 ; free virtual = 32996
INFO: [HLS 200-111] Finished Pre-synthesis Time (s): cpu = 00:00:13 ; elapsed = 00:00:22 . Memory (MB): peak = 1168.148 ; gain = 530.125 ; free physical = 19834 ; free virtual = 32975
INFO: [HLS 200-111] Finished Architecture Synthesis Time (s): cpu = 00:00:13 ; elapsed = 00:00:22 . Memory (MB): peak = 1168.148 ; gain = 530.125 ; free physical = 19840 ; free virtual = 32982
INFO: [HLS 200-10] Starting hardware synthesis ...
INFO: [HLS 200-10] Synthesizing 'cordic' ...
INFO: [HLS 200-10] ----------------------------------------------------------------
INFO: [HLS 200-42] -- Implementing module 'cordic' 
INFO: [HLS 200-10] ----------------------------------------------------------------
INFO: [SCHED 204-11] Starting scheduling ...
INFO: [SCHED 204-11] Finished scheduling.
INFO: [HLS 200-111]  Elapsed time: 21.87 seconds; current allocated memory: 121.782 MB.
INFO: [BIND 205-100] Starting micro-architecture generation ...
INFO: [BIND 205-101] Performing variable lifetime analysis.
INFO: [BIND 205-101] Exploring resource sharing.
INFO: [BIND 205-101] Binding ...
INFO: [BIND 205-100] Finished micro-architecture generation.
INFO: [HLS 200-111]  Elapsed time: 0.14 seconds; current allocated memory: 122.052 MB.
INFO: [HLS 200-10] ----------------------------------------------------------------
INFO: [HLS 200-10] -- Generating RTL for module 'cordic' 
INFO: [HLS 200-10] ----------------------------------------------------------------
INFO: [RTGEN 206-500] Setting interface mode on port 'cordic/theta' to 'ap_none'.
INFO: [RTGEN 206-500] Setting interface mode on port 'cordic/s' to 'ap_vld'.
INFO: [RTGEN 206-500] Setting interface mode on port 'cordic/c' to 'ap_vld'.
INFO: [RTGEN 206-500] Setting interface mode on function 'cordic' to 'ap_ctrl_hs'.
INFO: [SYN 201-210] Renamed object name 'cordic_dsub_64ns_64ns_64_5_full_dsp_1' to 'cordic_dsub_64ns_bkb' due to the length limit 20
INFO: [SYN 201-210] Renamed object name 'cordic_dadd_64ns_64ns_64_5_full_dsp_1' to 'cordic_dadd_64ns_cud' due to the length limit 20
INFO: [SYN 201-210] Renamed object name 'cordic_dmul_64ns_64ns_64_6_max_dsp_1' to 'cordic_dmul_64ns_dEe' due to the length limit 20
INFO: [SYN 201-210] Renamed object name 'cordic_dcmp_64ns_64ns_1_2_1' to 'cordic_dcmp_64ns_eOg' due to the length limit 20
INFO: [RTGEN 206-100] Generating core module 'cordic_dadd_64ns_cud': 1 instance(s).
INFO: [RTGEN 206-100] Generating core module 'cordic_dcmp_64ns_eOg': 1 instance(s).
INFO: [RTGEN 206-100] Generating core module 'cordic_dmul_64ns_dEe': 3 instance(s).
INFO: [RTGEN 206-100] Generating core module 'cordic_dsub_64ns_bkb': 1 instance(s).
INFO: [RTGEN 206-100] Finished creating RTL model for 'cordic'.
INFO: [HLS 200-111]  Elapsed time: 0.26 seconds; current allocated memory: 122.635 MB.
INFO: [HLS 200-790] **** Loop Constraint Status: All loop constraints were satisfied.
INFO: [HLS 200-789] **** Estimated Fmax: 121.48 MHz
INFO: [RTMG 210-279] Implementing memory 'cordic_cordic_ctab_rom' using auto ROMs.
INFO: [HLS 200-111] Finished generating all RTL models Time (s): cpu = 00:00:14 ; elapsed = 00:00:26 . Memory (MB): peak = 1168.148 ; gain = 530.125 ; free physical = 19825 ; free virtual = 32975
INFO: [VHDL 208-304] Generating VHDL RTL for cordic.
INFO: [VLOG 209-307] Generating Verilog RTL for cordic.
INFO: [HLS 200-10] Opening and resetting project '/home/pis7/ece6775/lab1/float_iter_10.prj'.
INFO: [HLS 200-10] Adding design file 'cordic.cpp' to the project
INFO: [HLS 200-10] Adding test bench file 'cordic_test.cpp' to the project
INFO: [HLS 200-10] Opening and resetting solution '/home/pis7/ece6775/lab1/float_iter_10.prj/solution1'.
INFO: [HLS 200-10] Cleaning up the solution database.
==============================================================
Vivado(TM) HLS - High-Level Synthesis from C, C++ and SystemC v2019.2 (64-bit)
Copyright 1986-2019 Xilinx, Inc. All Rights Reserved.
==============================================================
INFO: [HLS 200-10] Setting target device to 'xc7z020-clg484-1'
INFO: [SYN 201-201] Setting up clock 'default' with a period of 10ns.
INFO: [SIM 211-2] *************** CSIM start ***************
INFO: [SIM 211-4] CSIM will launch GCC as the compiler.
INFO: [SIM 211-1] CSim done with 0 errors.
INFO: [SIM 211-3] *************** CSIM finish ***************
INFO: [SCHED 204-61] Option 'relax_ii_for_timing' is enabled, will increase II to preserve clock frequency constraints.
INFO: [HLS 200-10] Analyzing design file 'cordic.cpp' ... 
INFO: [HLS 200-111] Finished Linking Time (s): cpu = 00:00:10 ; elapsed = 00:00:13 . Memory (MB): peak = 1168.148 ; gain = 530.125 ; free physical = 19759 ; free virtual = 32934
INFO: [HLS 200-111] Finished Checking Pragmas Time (s): cpu = 00:00:10 ; elapsed = 00:00:13 . Memory (MB): peak = 1168.148 ; gain = 530.125 ; free physical = 19759 ; free virtual = 32933
INFO: [HLS 200-10] Starting code transformations ...
INFO: [HLS 200-111] Finished Standard Transforms Time (s): cpu = 00:00:11 ; elapsed = 00:00:14 . Memory (MB): peak = 1168.148 ; gain = 530.125 ; free physical = 19757 ; free virtual = 32932
INFO: [HLS 200-10] Checking synthesizability ...
INFO: [HLS 200-111] Finished Checking Synthesizability Time (s): cpu = 00:00:11 ; elapsed = 00:00:14 . Memory (MB): peak = 1168.148 ; gain = 530.125 ; free physical = 19756 ; free virtual = 32931
INFO: [HLS 200-111] Finished Pre-synthesis Time (s): cpu = 00:00:11 ; elapsed = 00:00:14 . Memory (MB): peak = 1168.148 ; gain = 530.125 ; free physical = 19735 ; free virtual = 32911
INFO: [HLS 200-111] Finished Architecture Synthesis Time (s): cpu = 00:00:11 ; elapsed = 00:00:14 . Memory (MB): peak = 1168.148 ; gain = 530.125 ; free physical = 19742 ; free virtual = 32917
INFO: [HLS 200-10] Starting hardware synthesis ...
INFO: [HLS 200-10] Synthesizing 'cordic' ...
INFO: [HLS 200-10] ----------------------------------------------------------------
INFO: [HLS 200-42] -- Implementing module 'cordic' 
INFO: [HLS 200-10] ----------------------------------------------------------------
INFO: [SCHED 204-11] Starting scheduling ...
INFO: [SCHED 204-11] Finished scheduling.
INFO: [HLS 200-111]  Elapsed time: 14.33 seconds; current allocated memory: 121.783 MB.
INFO: [BIND 205-100] Starting micro-architecture generation ...
INFO: [BIND 205-101] Performing variable lifetime analysis.
INFO: [BIND 205-101] Exploring resource sharing.
INFO: [BIND 205-101] Binding ...
INFO: [BIND 205-100] Finished micro-architecture generation.
INFO: [HLS 200-111]  Elapsed time: 0.11 seconds; current allocated memory: 122.089 MB.
INFO: [HLS 200-10] ----------------------------------------------------------------
INFO: [HLS 200-10] -- Generating RTL for module 'cordic' 
INFO: [HLS 200-10] ----------------------------------------------------------------
INFO: [RTGEN 206-500] Setting interface mode on port 'cordic/theta' to 'ap_none'.
INFO: [RTGEN 206-500] Setting interface mode on port 'cordic/s' to 'ap_vld'.
INFO: [RTGEN 206-500] Setting interface mode on port 'cordic/c' to 'ap_vld'.
INFO: [RTGEN 206-500] Setting interface mode on function 'cordic' to 'ap_ctrl_hs'.
INFO: [SYN 201-210] Renamed object name 'cordic_dsub_64ns_64ns_64_5_full_dsp_1' to 'cordic_dsub_64ns_bkb' due to the length limit 20
INFO: [SYN 201-210] Renamed object name 'cordic_dadd_64ns_64ns_64_5_full_dsp_1' to 'cordic_dadd_64ns_cud' due to the length limit 20
INFO: [SYN 201-210] Renamed object name 'cordic_dmul_64ns_64ns_64_6_max_dsp_1' to 'cordic_dmul_64ns_dEe' due to the length limit 20
INFO: [SYN 201-210] Renamed object name 'cordic_dcmp_64ns_64ns_1_2_1' to 'cordic_dcmp_64ns_eOg' due to the length limit 20
INFO: [RTGEN 206-100] Generating core module 'cordic_dadd_64ns_cud': 1 instance(s).
INFO: [RTGEN 206-100] Generating core module 'cordic_dcmp_64ns_eOg': 1 instance(s).
INFO: [RTGEN 206-100] Generating core module 'cordic_dmul_64ns_dEe': 3 instance(s).
INFO: [RTGEN 206-100] Generating core module 'cordic_dsub_64ns_bkb': 1 instance(s).
INFO: [RTGEN 206-100] Finished creating RTL model for 'cordic'.
INFO: [HLS 200-111]  Elapsed time: 0.2 seconds; current allocated memory: 122.621 MB.
INFO: [HLS 200-790] **** Loop Constraint Status: All loop constraints were satisfied.
INFO: [HLS 200-789] **** Estimated Fmax: 121.48 MHz
INFO: [RTMG 210-279] Implementing memory 'cordic_cordic_ctab_rom' using auto ROMs.
INFO: [HLS 200-111] Finished generating all RTL models Time (s): cpu = 00:00:12 ; elapsed = 00:00:18 . Memory (MB): peak = 1168.148 ; gain = 530.125 ; free physical = 19732 ; free virtual = 32909
INFO: [VHDL 208-304] Generating VHDL RTL for cordic.
INFO: [VLOG 209-307] Generating Verilog RTL for cordic.
INFO: [HLS 200-10] Opening and resetting project '/home/pis7/ece6775/lab1/float_iter_10.prj'.
INFO: [HLS 200-10] Adding design file 'cordic.cpp' to the project
INFO: [HLS 200-10] Adding test bench file 'cordic_test.cpp' to the project
INFO: [HLS 200-10] Opening and resetting solution '/home/pis7/ece6775/lab1/float_iter_10.prj/solution1'.
INFO: [HLS 200-10] Cleaning up the solution database.
